<?xml version="1.0" encoding="UTF-8"?>
<testsuite name="IterationOneTests.CardTest" tests="1" skipped="0" failures="0" errors="0" timestamp="2022-12-19T14:17:01" hostname="michael-OptiPlex-390" time="0.001">
  <properties/>
  <testcase name="testRank()" classname="IterationOneTests.CardTest" time="0.001"/>
  <system-out><![CDATA[]]></system-out>
  <system-err><![CDATA[]]></system-err>
</testsuite>
