<?xml version="1.0" encoding="UTF-8"?>
<testsuite name="IterationOneTests.DeckTest" tests="1" skipped="0" failures="0" errors="0" timestamp="2022-12-18T14:41:24" hostname="michael-OptiPlex-390" time="0.001">
  <properties/>
  <testcase name="testDeck()" classname="IterationOneTests.DeckTest" time="0.001"/>
  <system-out><![CDATA[]]></system-out>
  <system-err><![CDATA[]]></system-err>
</testsuite>
