<?xml version="1.0" encoding="UTF-8"?>
<testsuite name="IterationOneTests.DeckPileTest" tests="5" skipped="0" failures="0" errors="0" timestamp="2022-12-18T14:41:24" hostname="michael-OptiPlex-390" time="0.009">
  <properties/>
  <testcase name="testReset()" classname="IterationOneTests.DeckPileTest" time="0.004"/>
  <testcase name="testAddToStack()" classname="IterationOneTests.DeckPileTest" time="0.001"/>
  <testcase name="testDealDown()" classname="IterationOneTests.DeckPileTest" time="0.0"/>
  <testcase name="testDealUp()" classname="IterationOneTests.DeckPileTest" time="0.0"/>
  <testcase name="testShuffle()" classname="IterationOneTests.DeckPileTest" time="0.001"/>
  <system-out><![CDATA[]]></system-out>
  <system-err><![CDATA[]]></system-err>
</testsuite>
