<?xml version="1.0" encoding="UTF-8"?>
<testsuite name="SampleUnitTest" tests="1" skipped="0" failures="0" errors="0" timestamp="2022-12-20T09:08:24" hostname="michael-OptiPlex-390" time="0.03">
  <properties/>
  <testcase name="additionTest()" classname="SampleUnitTest" time="0.03"/>
  <system-out><![CDATA[]]></system-out>
  <system-err><![CDATA[]]></system-err>
</testsuite>
