<?xml version="1.0" encoding="UTF-8"?>
<testsuite name="IterationOneTests.DeckPileTest" tests="5" skipped="0" failures="0" errors="0" timestamp="2022-12-20T09:08:24" hostname="michael-OptiPlex-390" time="0.022">
  <properties/>
  <testcase name="testReset()" classname="IterationOneTests.DeckPileTest" time="0.005"/>
  <testcase name="testAddToStack()" classname="IterationOneTests.DeckPileTest" time="0.004"/>
  <testcase name="testDealDown()" classname="IterationOneTests.DeckPileTest" time="0.001"/>
  <testcase name="testDealUp()" classname="IterationOneTests.DeckPileTest" time="0.001"/>
  <testcase name="testShuffle()" classname="IterationOneTests.DeckPileTest" time="0.002"/>
  <system-out><![CDATA[]]></system-out>
  <system-err><![CDATA[]]></system-err>
</testsuite>
