<?xml version="1.0" encoding="UTF-8"?>
<testsuite name="IterationOneTests.PlayerTest" tests="6" skipped="0" failures="0" errors="0" timestamp="2022-12-20T09:08:24" hostname="michael-OptiPlex-390" time="0.048">
  <properties/>
  <testcase name="testStopPlay()" classname="IterationOneTests.PlayerTest" time="0.002"/>
  <testcase name="testAddCard()" classname="IterationOneTests.PlayerTest" time="0.003"/>
  <testcase name="testPlayerIsBusted()" classname="IterationOneTests.PlayerTest" time="0.001"/>
  <testcase name="testPlayerHit()" classname="IterationOneTests.PlayerTest" time="0.002"/>
  <testcase name="testReset()" classname="IterationOneTests.PlayerTest" time="0.002"/>
  <testcase name="testPlayerNoHit()" classname="IterationOneTests.PlayerTest" time="0.002"/>
  <system-out><![CDATA[]]></system-out>
  <system-err><![CDATA[]]></system-err>
</testsuite>
