<?xml version="1.0" encoding="UTF-8"?>
<testsuite name="IterationThreeTests.HandTest" tests="5" skipped="0" failures="0" errors="0" timestamp="2022-12-20T09:08:24" hostname="michael-OptiPlex-390" time="0.016">
  <properties/>
  <testcase name="testGetTotal()" classname="IterationThreeTests.HandTest" time="0.001"/>
  <testcase name="testAddCard()" classname="IterationThreeTests.HandTest" time="0.004"/>
  <testcase name="testReset()" classname="IterationThreeTests.HandTest" time="0.002"/>
  <testcase name="testGreaterThan()" classname="IterationThreeTests.HandTest" time="0.002"/>
  <testcase name="testIsEqual()" classname="IterationThreeTests.HandTest" time="0.002"/>
  <system-out><![CDATA[]]></system-out>
  <system-err><![CDATA[]]></system-err>
</testsuite>
